<?xml version="1.0" encoding="UTF-8"?>
<!-- Generated by org.testng.reporters.JUnitReportReporter -->
<testsuite skipped="0" hostname="PFL-TEST" name="com.pfl.automation.org62.testcases.TS03_Verify_order_on_contact_and_account" tests="4" failures="0" timestamp="08 May 2019 08:35:59 GMT" time="424.992" errors="0">
  <testcase name="TS03_DataSet_Creation" time="182.475" classname="com.pfl.automation.org62.testcases.TS03_Verify_order_on_contact_and_account"/>
  <testcase name="TS03_01_verifying_contact_address_send_swag" time="96.798" classname="com.pfl.automation.org62.testcases.TS03_Verify_order_on_contact_and_account"/>
  <testcase name="TS03_02_verifying_account_address_end_swag" time="84.355" classname="com.pfl.automation.org62.testcases.TS03_Verify_order_on_contact_and_account"/>
  <testcase name="TS03_DataReset" time="61.364" classname="com.pfl.automation.org62.testcases.TS03_Verify_order_on_contact_and_account"/>
</testsuite> <!-- com.pfl.automation.org62.testcases.TS03_Verify_order_on_contact_and_account -->
