<?xml version="1.0" encoding="UTF-8"?>
<!-- Generated by org.testng.reporters.JUnitReportReporter -->
<testsuite skipped="0" hostname="PFL-TEST" name="com.pfl.automation.org62.testcases.TS23_Administration_Verify_Remove_User_From_Store" tests="3" failures="0" timestamp="08 May 2019 08:35:59 GMT" time="241.556" errors="0">
  <testcase name="TS23_DataSet_Creation" time="108.561" classname="com.pfl.automation.org62.testcases.TS23_Administration_Verify_Remove_User_From_Store"/>
  <testcase name="TS23_01_Verifying_the_remove_user_into_the_Store" time="50.694" classname="com.pfl.automation.org62.testcases.TS23_Administration_Verify_Remove_User_From_Store"/>
  <testcase name="TS23_DataSet_Reset" time="82.301" classname="com.pfl.automation.org62.testcases.TS23_Administration_Verify_Remove_User_From_Store"/>
</testsuite> <!-- com.pfl.automation.org62.testcases.TS23_Administration_Verify_Remove_User_From_Store -->
