<?xml version="1.0" encoding="UTF-8"?>
<!-- Generated by org.testng.reporters.JUnitReportReporter -->
<testsuite skipped="0" hostname="PFL-TEST" name="com.pfl.automation.org62.testcases.TS17_Verify_Do_Not_Swag" tests="1" failures="0" timestamp="08 May 2019 08:35:59 GMT" time="88.791" errors="0">
  <testcase name="TC17_01_Verify_User_not_able_Send_Swag_Do_Not_Swag_field_enabled_for_Contact" time="88.791" classname="com.pfl.automation.org62.testcases.TS17_Verify_Do_Not_Swag"/>
</testsuite> <!-- com.pfl.automation.org62.testcases.TS17_Verify_Do_Not_Swag -->
