<?xml version="1.0" encoding="UTF-8"?>
<!-- Generated by org.testng.reporters.JUnitReportReporter -->
<testsuite skipped="0" hostname="PFL-TEST" name="com.pfl.automation.org62.testcases.TS12_Verfying_license_tab_enable_checkbox" tests="1" failures="0" timestamp="08 May 2019 08:35:59 GMT" time="84.666" errors="0">
  <testcase name="TS12_01_Verify_clicking_select_all_enabled_checkbox_on_Licenses_page_functionality" time="84.666" classname="com.pfl.automation.org62.testcases.TS12_Verfying_license_tab_enable_checkbox"/>
</testsuite> <!-- com.pfl.automation.org62.testcases.TS12_Verfying_license_tab_enable_checkbox -->
