<?xml version="1.0" encoding="UTF-8"?>
<!-- Generated by org.testng.reporters.JUnitReportReporter -->
<testsuite skipped="0" hostname="PFL-TEST" name="com.pfl.automation.org62.testcases.TS_20_send_swag_validation_message" tests="1" failures="0" timestamp="08 May 2019 08:35:59 GMT" time="89.782" errors="0">
  <testcase name="TS_20_01_Verify_validation_message_displayed_user_if_no_program_associated_to_user_on_send_swag_screen" time="89.782" classname="com.pfl.automation.org62.testcases.TS_20_send_swag_validation_message"/>
</testsuite> <!-- com.pfl.automation.org62.testcases.TS_20_send_swag_validation_message -->
