<?xml version="1.0" encoding="UTF-8"?>
<!-- Generated by org.testng.reporters.JUnitReportReporter -->
<testsuite skipped="0" hostname="PFL-TEST" name="com.pfl.automation.org62.testcases.TS_08_verify_changes_when_swagig_license_assign" tests="2" failures="0" timestamp="08 May 2019 08:35:59 GMT" time="129.781" errors="0">
  <testcase name="TS_08_01_Verify_the_header_SwagIQ_Licenses_Administration_of_License_tab" time="84.437" classname="com.pfl.automation.org62.testcases.TS_08_verify_changes_when_swagig_license_assign"/>
  <testcase name="TS_08_DataReset" time="45.344" classname="com.pfl.automation.org62.testcases.TS_08_verify_changes_when_swagig_license_assign"/>
</testsuite> <!-- com.pfl.automation.org62.testcases.TS_08_verify_changes_when_swagig_license_assign -->
