<?xml version="1.0" encoding="UTF-8"?>
<!-- Generated by org.testng.reporters.JUnitReportReporter -->
<testsuite skipped="0" hostname="PFL-TEST" name="com.pfl.automation.org62.testcases.TS25_Administration_User_Advance_Search" tests="1" failures="0" timestamp="08 May 2019 08:35:59 GMT" time="90.058" errors="0">
  <testcase name="TS25_01_Verifying_the_advanced_search_functionality" time="90.058" classname="com.pfl.automation.org62.testcases.TS25_Administration_User_Advance_Search"/>
</testsuite> <!-- com.pfl.automation.org62.testcases.TS25_Administration_User_Advance_Search -->
