<?xml version="1.0" encoding="UTF-8"?>
<!-- Generated by org.testng.reporters.JUnitReportReporter -->
<testsuite skipped="0" hostname="PFL-TEST" name="com.pfl.automation.org62.testcases.TS16_Contact_length_validation_on_custom_address" tests="3" failures="0" timestamp="08 May 2019 08:35:59 GMT" time="367.485" errors="0">
  <testcase name="TS_16_DataSet_Creation" time="182.328" classname="com.pfl.automation.org62.testcases.TS16_Contact_length_validation_on_custom_address"/>
  <testcase name="TS_16_01_Contact_length_validation_on_custom_address" time="125.882" classname="com.pfl.automation.org62.testcases.TS16_Contact_length_validation_on_custom_address"/>
  <testcase name="TS_16_DataSet_Reset" time="59.275" classname="com.pfl.automation.org62.testcases.TS16_Contact_length_validation_on_custom_address"/>
</testsuite> <!-- com.pfl.automation.org62.testcases.TS16_Contact_length_validation_on_custom_address -->
