<?xml version="1.0" encoding="UTF-8"?>
<!-- Generated by org.testng.reporters.JUnitReportReporter -->
<testsuite skipped="0" hostname="PFL-TEST" name="com.pfl.automation.org62.testcases.TS_15_contact_blankaddress_send_swag_error" tests="1" failures="0" timestamp="08 May 2019 08:35:59 GMT" time="201.306" errors="0">
  <testcase name="TS_15_01_Verify_that_validation_message_displayed_to_user_if_no_program_is_associated_to_user_on_send_swag_screen" time="201.306" classname="com.pfl.automation.org62.testcases.TS_15_contact_blankaddress_send_swag_error"/>
</testsuite> <!-- com.pfl.automation.org62.testcases.TS_15_contact_blankaddress_send_swag_error -->
