<?xml version="1.0" encoding="UTF-8"?>
<!-- Generated by org.testng.reporters.JUnitReportReporter -->
<testsuite skipped="0" hostname="PFL-TEST" name="com.pfl.automation.org62.testcases.TS04_Administration_Campaign_Associated" tests="3" failures="0" timestamp="08 May 2019 08:35:59 GMT" time="342.643" errors="0">
  <testcase name="TS04_DataSet_Creation" time="189.015" classname="com.pfl.automation.org62.testcases.TS04_Administration_Campaign_Associated"/>
  <testcase name="TS04_1_verifying_send_swag_with_campaign_association" time="93.308" classname="com.pfl.automation.org62.testcases.TS04_Administration_Campaign_Associated"/>
  <testcase name="TS04_DataSet_Reset" time="60.320" classname="com.pfl.automation.org62.testcases.TS04_Administration_Campaign_Associated"/>
</testsuite> <!-- com.pfl.automation.org62.testcases.TS04_Administration_Campaign_Associated -->
