<?xml version="1.0" encoding="UTF-8"?>
<!-- Generated by org.testng.reporters.JUnitReportReporter -->
<testsuite skipped="0" hostname="PFL-TEST" name="com.pfl.automation.org62.testcases.TS_13_verifying_product_configuration" tests="1" failures="0" timestamp="08 May 2019 08:35:59 GMT" time="129.132" errors="0">
  <testcase name="TS_13_01_Verify_Product_Configuration_Display_Name_or_Quantity_Under_Product_Administration" time="129.132" classname="com.pfl.automation.org62.testcases.TS_13_verifying_product_configuration"/>
</testsuite> <!-- com.pfl.automation.org62.testcases.TS_13_verifying_product_configuration -->
