<?xml version="1.0" encoding="UTF-8"?>
<!-- Generated by org.testng.reporters.JUnitReportReporter -->
<testsuite skipped="0" hostname="PFL-TEST" name="com.pfl.automation.org62.testcases.TS05_Administration_Multiple_product" tests="3" failures="0" timestamp="08 May 2019 08:35:59 GMT" time="451.987" errors="0">
  <testcase name="TS05_DataSet_Creation" time="251.781" classname="com.pfl.automation.org62.testcases.TS05_Administration_Multiple_product"/>
  <testcase name="TS05_01_verifying_send_swag_with_campaign_association" time="138.495" classname="com.pfl.automation.org62.testcases.TS05_Administration_Multiple_product"/>
  <testcase name="TS05_DataSet_Reset" time="61.711" classname="com.pfl.automation.org62.testcases.TS05_Administration_Multiple_product"/>
</testsuite> <!-- com.pfl.automation.org62.testcases.TS05_Administration_Multiple_product -->
