<?xml version="1.0" encoding="UTF-8"?>
<!-- Generated by org.testng.reporters.JUnitReportReporter -->
<testsuite skipped="0" hostname="PFL-TEST" name="com.pfl.automation.org62.testcases.TS02_Administration_verify_program" tests="1" failures="0" timestamp="08 May 2019 08:35:59 GMT" time="95.907" errors="0">
  <testcase name="TC01_Verify_base_program_Visible_Under_Send_Marketing_Material_program_associated_user" time="95.907" classname="com.pfl.automation.org62.testcases.TS02_Administration_verify_program"/>
</testsuite> <!-- com.pfl.automation.org62.testcases.TS02_Administration_verify_program -->
